2025-03-19T08:15:00Z;TEMP_001;75.2;F
2025-03-19T09:30:00-0400;PRESS_002;14.7;psi
2025-03-19T14:45:00+0200;FLOW_003;10.5;gpm
2025-03-19T16:00:00+0530;TEMP_002;69.8;F
2025-03-19T05:20:00-0700;PRESS_004;2.30;bar
2025-03-19T22:10:00+0900;TEMP_003;71.6;F
2025-03-19T18:45:00-0300;FLOW_005;18.2;l/s
2025-03-19T12:30:00+0000;TEMP_001;74.1;F
2025-03-19T07:50:00-0600;PRESS_002;13.5;psi
2025-03-19T23:59:00+1000;FLOW_004;9.8;gpm
2025-03-19T03:15:00-0800;TEMP_004;73.4;F
2025-03-19T17:45:00+0400;PRESS_006;15.2;psi
2025-03-19T06:30:00-0500;FLOW_007;12.4;gpm
2025-03-19T21:10:00+0800;TEMP_005;70.1;F
2025-03-19T14:20:00+0100;PRESS_008;2.50;bar
2025-03-19T04:40:00-0700;FLOW_009;20.6;l/s
2025-03-19T19:55:00+0300;TEMP_002;68.9;F
2025-03-19T08:25:00-0600;PRESS_002;13.8;psi
2025-03-19T23:50:00+0900;FLOW_004;10.2;gpm
2025-03-19T11:35:00+0000;TEMP_003;72.0;F